<?xml version="1.0" encoding="UTF-8"?>
<testng-results ignored="0" total="1" passed="1" failed="0" skipped="0">
  <reporter-output>
  </reporter-output>
  <suite started-at="2025-07-10T10:37:05 IST" name="Surefire suite" finished-at="2025-07-10T10:38:05 IST" duration-ms="59854">
    <groups>
    </groups>
    <test started-at="2025-07-10T10:37:05 IST" name="Surefire test" finished-at="2025-07-10T10:38:05 IST" duration-ms="59854">
      <class name="com.garima.project.AppTest">
        <test-method is-config="true" signature="setup()[pri:0, instance:com.garima.project.AppTest@1b68b9a4]" started-at="2025-07-10T10:37:05 IST" name="setup" finished-at="2025-07-10T10:37:46 IST" duration-ms="40892" status="PASS">
          <reporter-output>
          </reporter-output>
        </test-method> <!-- setup -->
        <test-method signature="openGoogle()[pri:0, instance:com.garima.project.AppTest@1b68b9a4]" started-at="2025-07-10T10:37:46 IST" name="openGoogle" finished-at="2025-07-10T10:38:03 IST" duration-ms="16627" status="PASS">
          <reporter-output>
          </reporter-output>
        </test-method> <!-- openGoogle -->
        <test-method is-config="true" signature="tearDown()[pri:0, instance:com.garima.project.AppTest@1b68b9a4]" started-at="2025-07-10T10:38:03 IST" name="tearDown" finished-at="2025-07-10T10:38:05 IST" duration-ms="2231" status="PASS">
          <reporter-output>
          </reporter-output>
        </test-method> <!-- tearDown -->
      </class> <!-- com.garima.project.AppTest -->
    </test> <!-- Surefire test -->
  </suite> <!-- Surefire suite -->
</testng-results>
